<?xml version="1.0" encoding="UTF-8"?>
<!-- Generated by org.testng.reporters.JUnitReportReporter -->
<testsuite hostname="DESKTOP-F11SQD5" failures="0" tests="1" name="com.crm.Vtiger.ParameterTest" time="0.015" errors="0" timestamp="2022-03-23T12:43:03 IST" skipped="0">
  <testcase classname="com.crm.Vtiger.ParameterTest" name="getData" time="0.015"/>
  <system-out/>
</testsuite> <!-- com.crm.Vtiger.ParameterTest -->
